<!DOCTYPE html PUBLIC "-//W3C//DTD XHTML 1.1//EN" "https://www.w3.org/TR/xhtml11/DTD/xhtml11.dtd">
<html xmlns="https://www.w3.org/1999/xhtml">
<head>
<meta http-equiv="content-type" content="text/html; charset=UTF-8"/>
<title>TestNG Report</title>
<style type="text/css">table {margin-bottom:10px;border-collapse:collapse;empty-cells:show}th,td {border:1px solid #009;padding:.25em .5em}th {vertical-align:bottom}td {vertical-align:top}table a {font-weight:bold}.stripe td {background-color: #E6EBF9}.num {text-align:right}.passedodd td {background-color: #3F3}.passedeven td {background-color: #0A0}.skippedodd td {background-color: #DDD}.skippedeven td {background-color: #CCC}.failedodd td,.attn {background-color: #F33}.failedeven td,.stripe .attn {background-color: #D00}.stacktrace {white-space:pre;font-family:monospace}.totop {font-size:85%;text-align:center;border-bottom:2px solid #000}.invisible {display:none}</style>
</head>
<body>
<table>
<tr><th>Test</th><th># Passed</th><th># Skipped</th><th># Retried</th><th># Failed</th><th>Time (ms)</th><th>Included Groups</th><th>Excluded Groups</th></tr>
<tr><th colspan="8">Fitness WebApp Suite</th></tr>
<tr><td><a href="#t0">Fitness WebApp Tests</a></td><td class="num">2</td><td class="num">0</td><td class="num">0</td><td class="num attn">2</td><td class="num">27,417</td><td></td><td></td></tr>
</table>
<table id='summary'><thead><tr><th>Class</th><th>Method</th><th>Start</th><th>Time (ms)</th></tr></thead><tbody><tr><th colspan="4">Fitness WebApp Suite</th></tr></tbody><tbody id="t0"><tr><th colspan="4">Fitness WebApp Tests &#8212; failed</th></tr><tr class="failedeven"><td rowspan="1">testcase.TC04_Leaderboard</td><td><a href="#m0">testLeaderboardForRegisteredUser</a></td><td rowspan="1">1753419201635</td><td rowspan="1">1571</td></tr><tr class="failedodd"><td rowspan="1">testcase.TC_03Goal</td><td><a href="#m1">testSetGoalAndVerifyDashboard</a></td><td rowspan="1">1753419188745</td><td rowspan="1">12878</td></tr><tr><th colspan="4">Fitness WebApp Tests &#8212; passed</th></tr><tr class="passedeven"><td rowspan="1">testcase.TC01_Register</td><td><a href="#m2">testRegistration</a></td><td rowspan="1">1753419182769</td><td rowspan="1">4158</td></tr><tr class="passedodd"><td rowspan="1">testcase.TC02_Login</td><td><a href="#m3">testLogin</a></td><td rowspan="1">1753419186954</td><td rowspan="1">1787</td></tr></tbody>
</table>
<h2>Fitness WebApp Tests</h2><h3 id="m0">testcase.TC04_Leaderboard#testLeaderboardForRegisteredUser</h3><table class="result"><tr><th>Exception</th></tr><tr><td><div class="stacktrace">java.lang.AssertionError:  User &apos;fitwlsHj&apos; not found in leaderboard. expected [true] but found [false]
	at testcase.TC04_Leaderboard.testLeaderboardForRegisteredUser(TC04_Leaderboard.java:28)
	at java.base/java.util.ArrayList.forEach(ArrayList.java:1596)
... Removed 28 stack frames</div></td></tr></table><p class="totop"><a href="#summary">back to summary</a></p>
<h3 id="m1">testcase.TC_03Goal#testSetGoalAndVerifyDashboard</h3><table class="result"><tr><th>Exception</th></tr><tr><td><div class="stacktrace">org.openqa.selenium.TimeoutException: Expected condition failed: waiting for title to contain &quot;Dashboard&quot;. Current title: &quot;Energym&quot; (tried for 10 second(s) with 500 milliseconds interval)
Build info: version: &apos;4.32.0&apos;, revision: &apos;d17c8aa950&apos;
System info: os.name: &apos;Windows 11&apos;, os.arch: &apos;amd64&apos;, os.version: &apos;10.0&apos;, java.version: &apos;21.0.7&apos;
Driver info: org.openqa.selenium.chrome.ChromeDriver
Capabilities {acceptInsecureCerts: false, browserName: chrome, browserVersion: 138.0.7204.158, chrome: {chromedriverVersion: 138.0.7204.168 (3e8d82e86e9..., userDataDir: C:\Users\ROGZEP~1\AppData\L...}, fedcm:accounts: true, goog:chromeOptions: {debuggerAddress: localhost:57384}, networkConnectionEnabled: false, pageLoadStrategy: normal, platformName: windows, proxy: Proxy(), se:cdp: ws://localhost:57384/devtoo..., se:cdpVersion: 138.0.7204.158, setWindowRect: true, strictFileInteractability: false, timeouts: {implicit: 0, pageLoad: 300000, script: 30000}, unhandledPromptBehavior: dismiss and notify, webauthn:extension:credBlob: true, webauthn:extension:largeBlob: true, webauthn:extension:minPinLength: true, webauthn:extension:prf: true, webauthn:virtualAuthenticators: true}
Session ID: 0d17b440955e821bb1fd0c702522bfa4
	at org.openqa.selenium.support.ui.WebDriverWait.timeoutException(WebDriverWait.java:84)
	at org.openqa.selenium.support.ui.FluentWait.until(FluentWait.java:228)
	at pageobjects.DashboardPage.goToDashboard(DashboardPage.java:24)
	at testcase.TC_03Goal.testSetGoalAndVerifyDashboard(TC_03Goal.java:85)
	at java.base/java.util.ArrayList.forEach(ArrayList.java:1596)
... Removed 25 stack frames</div></td></tr></table><p class="totop"><a href="#summary">back to summary</a></p>
<h3 id="m2">testcase.TC01_Register#testRegistration</h3><table class="result"><tr><th class="invisible"/></tr></table><p class="totop"><a href="#summary">back to summary</a></p>
<h3 id="m3">testcase.TC02_Login#testLogin</h3><table class="result"><tr><th class="invisible"/></tr></table><p class="totop"><a href="#summary">back to summary</a></p>
</body>
</html>
