<?xml version="1.0" encoding="UTF-8"?>
<!-- Generated by org.testng.reporters.JUnitXMLReporter -->
<testsuite ignored="0" hostname="LAPTOP-TBQBESHO" failures="2" tests="4" name="Fitness WebApp Tests" time="27.417" errors="0" timestamp="2025-07-25T10:23:23 IST">
  <testcase classname="testcase.TC01_Register" name="testRegistration" time="4.158"/>
  <testcase classname="testcase.TC02_Login" name="testLogin" time="1.787"/>
  <testcase classname="testcase.TC_03Goal" name="testSetGoalAndVerifyDashboard" time="12.878">
    <failure type="org.openqa.selenium.TimeoutException" message="Expected condition failed: waiting for title to contain &amp;quot;Dashboard&amp;quot;. Current title: &amp;quot;Energym&amp;quot; (tried for 10 second(s) with 500 milliseconds interval)
Build info: version: &amp;apos;4.32.0&amp;apos;, revision: &amp;apos;d17c8aa950&amp;apos;
System info: os.name: &amp;apos;Windows 11&amp;apos;, os.arch: &amp;apos;amd64&amp;apos;, os.version: &amp;apos;10.0&amp;apos;, java.version: &amp;apos;21.0.7&amp;apos;
Driver info: org.openqa.selenium.chrome.ChromeDriver
Capabilities {acceptInsecureCerts: false, browserName: chrome, browserVersion: 138.0.7204.158, chrome: {chromedriverVersion: 138.0.7204.168 (3e8d82e86e9..., userDataDir: C:\Users\ROGZEP~1\AppData\L...}, fedcm:accounts: true, goog:chromeOptions: {debuggerAddress: localhost:57384}, networkConnectionEnabled: false, pageLoadStrategy: normal, platformName: windows, proxy: Proxy(), se:cdp: ws://localhost:57384/devtoo..., se:cdpVersion: 138.0.7204.158, setWindowRect: true, strictFileInteractability: false, timeouts: {implicit: 0, pageLoad: 300000, script: 30000}, unhandledPromptBehavior: dismiss and notify, webauthn:extension:credBlob: true, webauthn:extension:largeBlob: true, webauthn:extension:minPinLength: true, webauthn:extension:prf: true, webauthn:virtualAuthenticators: true}
Session ID: 0d17b440955e821bb1fd0c702522bfa4">
      <![CDATA[org.openqa.selenium.TimeoutException: Expected condition failed: waiting for title to contain "Dashboard". Current title: "Energym" (tried for 10 second(s) with 500 milliseconds interval)
Build info: version: '4.32.0', revision: 'd17c8aa950'
System info: os.name: 'Windows 11', os.arch: 'amd64', os.version: '10.0', java.version: '21.0.7'
Driver info: org.openqa.selenium.chrome.ChromeDriver
Capabilities {acceptInsecureCerts: false, browserName: chrome, browserVersion: 138.0.7204.158, chrome: {chromedriverVersion: 138.0.7204.168 (3e8d82e86e9..., userDataDir: C:\Users\ROGZEP~1\AppData\L...}, fedcm:accounts: true, goog:chromeOptions: {debuggerAddress: localhost:57384}, networkConnectionEnabled: false, pageLoadStrategy: normal, platformName: windows, proxy: Proxy(), se:cdp: ws://localhost:57384/devtoo..., se:cdpVersion: 138.0.7204.158, setWindowRect: true, strictFileInteractability: false, timeouts: {implicit: 0, pageLoad: 300000, script: 30000}, unhandledPromptBehavior: dismiss and notify, webauthn:extension:credBlob: true, webauthn:extension:largeBlob: true, webauthn:extension:minPinLength: true, webauthn:extension:prf: true, webauthn:virtualAuthenticators: true}
Session ID: 0d17b440955e821bb1fd0c702522bfa4
at org.openqa.selenium.support.ui.WebDriverWait.timeoutException(WebDriverWait.java:84)
at org.openqa.selenium.support.ui.FluentWait.until(FluentWait.java:228)
at pageobjects.DashboardPage.goToDashboard(DashboardPage.java:24)
at testcase.TC_03Goal.testSetGoalAndVerifyDashboard(TC_03Goal.java:85)
at java.base/java.util.ArrayList.forEach(ArrayList.java:1596)
... Removed 25 stack frames]]>
    </failure>
  </testcase> <!-- testSetGoalAndVerifyDashboard -->
  <testcase classname="testcase.TC04_Leaderboard" name="testLeaderboardForRegisteredUser" time="1.571">
    <failure type="java.lang.AssertionError" message=" User &amp;apos;fitwlsHj&amp;apos; not found in leaderboard. expected [true] but found [false]">
      <![CDATA[java.lang.AssertionError:  User 'fitwlsHj' not found in leaderboard. expected [true] but found [false]
at testcase.TC04_Leaderboard.testLeaderboardForRegisteredUser(TC04_Leaderboard.java:28)
at java.base/java.util.ArrayList.forEach(ArrayList.java:1596)
... Removed 28 stack frames]]>
    </failure>
  </testcase> <!-- testLeaderboardForRegisteredUser -->
</testsuite> <!-- Fitness WebApp Tests -->
